{"numFailedTestSuites":0,"numFailedTests":0,"numPassedTestSuites":3,"numPassedTests":10,"numPendingTestSuites":0,"numPendingTests":0,"numRuntimeErrorTestSuites":0,"numTodoTests":0,"numTotalTestSuites":3,"numTotalTests":10,"openHandles":[],"snapshot":{"added":0,"didUpdate":false,"failure":false,"filesAdded":0,"filesRemoved":0,"filesUnmatched":0,"filesUpdated":0,"matched":0,"total":0,"unchecked":0,"uncheckedKeysByFile":[],"unmatched":0,"updated":0},"startTime":1555252620060,"success":true,"testResults":[{"console":null,"failureMessage":null,"numFailingTests":0,"numPassingTests":1,"numPendingTests":0,"numTodoTests":0,"perfStats":{"end":1555252622517,"start":1555252621219},"snapshot":{"added":0,"fileDeleted":false,"matched":0,"unchecked":0,"unmatched":0,"updated":0,"uncheckedKeys":[]},"testFilePath":"/Users/hunter/Repositories/Elevation/tests/mobx2-lesson-answers/tests/exercises/ex-3.test.js","testResults":[{"ancestorTitles":["exercise 3"],"duration":23,"failureMessages":[],"fullName":"exercise 3 each completed reservation should be conditionally rendered with the class \"conditional\"","location":null,"numPassingAsserts":0,"status":"passed","title":"each completed reservation should be conditionally rendered with the class \"conditional\""}],"sourceMaps":{},"skipped":false,"leaks":false},{"console":null,"failureMessage":null,"numFailingTests":0,"numPassingTests":4,"numPendingTests":0,"numTodoTests":0,"perfStats":{"end":1555252622584,"start":1555252621273},"snapshot":{"added":0,"fileDeleted":false,"matched":0,"unchecked":0,"unmatched":0,"updated":0,"uncheckedKeys":[]},"testFilePath":"/Users/hunter/Repositories/Elevation/tests/mobx2-lesson-answers/tests/exercises/ex-1.test.js","testResults":[{"ancestorTitles":["exercise1"],"duration":6,"failureMessages":[],"fullName":"exercise1 restPopulation should be a computed value in your restaurant store, which automatically calculates the number of people in your restaurant","location":null,"numPassingAsserts":0,"status":"passed","title":"restPopulation should be a computed value in your restaurant store, which automatically calculates the number of people in your restaurant"},{"ancestorTitles":["exercise1"],"duration":2,"failureMessages":[],"fullName":"exercise1 completeRes function should be a MobX action","location":null,"numPassingAsserts":0,"status":"passed","title":"completeRes function should be a MobX action"},{"ancestorTitles":["exercise1"],"duration":2,"failureMessages":[],"fullName":"exercise1 completeRes function should complete the table with the given ID","location":null,"numPassingAsserts":0,"status":"passed","title":"completeRes function should complete the table with the given ID"},{"ancestorTitles":["exercise1"],"duration":4,"failureMessages":[],"fullName":"exercise1 completedTables should be a computed value in your restaurant store, which automatically calculates the number of tables that have been completed","location":null,"numPassingAsserts":0,"status":"passed","title":"completedTables should be a computed value in your restaurant store, which automatically calculates the number of tables that have been completed"}],"sourceMaps":{},"skipped":false,"leaks":false},{"console":null,"failureMessage":null,"numFailingTests":0,"numPassingTests":5,"numPendingTests":0,"numTodoTests":0,"perfStats":{"end":1555252622631,"start":1555252621246},"snapshot":{"added":0,"fileDeleted":false,"matched":0,"unchecked":0,"unmatched":0,"updated":0,"uncheckedKeys":[]},"testFilePath":"/Users/hunter/Repositories/Elevation/tests/mobx2-lesson-answers/tests/exercises/ex-2.test.js","testResults":[{"ancestorTitles":["exercise 2"],"duration":24,"failureMessages":[],"fullName":"exercise 2 the number of people in the restaurant should be rendered with the id \"restPop\"","location":null,"numPassingAsserts":0,"status":"passed","title":"the number of people in the restaurant should be rendered with the id \"restPop\""},{"ancestorTitles":["exercise 2"],"duration":4,"failureMessages":[],"fullName":"exercise 2 the number of completed tables should be rendered with the id \"completedTables\"","location":null,"numPassingAsserts":0,"status":"passed","title":"the number of completed tables should be rendered with the id \"completedTables\""},{"ancestorTitles":["exercise 2"],"duration":5,"failureMessages":[],"fullName":"exercise 2 The add reservation button should add a new reservation to the restaurant store using the general store to store inputs","location":null,"numPassingAsserts":0,"status":"passed","title":"The add reservation button should add a new reservation to the restaurant store using the general store to store inputs"},{"ancestorTitles":["exercise 2"],"duration":4,"failureMessages":[],"fullName":"exercise 2 each reservation should be rendered using the reservation component","location":null,"numPassingAsserts":0,"status":"passed","title":"each reservation should be rendered using the reservation component"},{"ancestorTitles":["exercise 2"],"duration":7,"failureMessages":[],"fullName":"exercise 2 each reservation should have a \"Complete Reservation\" button","location":null,"numPassingAsserts":0,"status":"passed","title":"each reservation should have a \"Complete Reservation\" button"}],"sourceMaps":{},"skipped":false,"leaks":false}],"wasInterrupted":false}