{"numFailedTestSuites":0,"numFailedTests":0,"numPassedTestSuites":1,"numPassedTests":5,"numPendingTestSuites":0,"numPendingTests":0,"numRuntimeErrorTestSuites":0,"numTodoTests":0,"numTotalTestSuites":1,"numTotalTests":5,"openHandles":[],"snapshot":{"added":0,"didUpdate":false,"failure":false,"filesAdded":0,"filesRemoved":0,"filesUnmatched":0,"filesUpdated":0,"matched":0,"total":0,"unchecked":0,"uncheckedKeysByFile":[],"unmatched":0,"updated":0},"startTime":1554104453856,"success":true,"testResults":[{"console":null,"failureMessage":null,"numFailingTests":0,"numPassingTests":5,"numPendingTests":0,"numTodoTests":0,"perfStats":{"end":1554104457208,"start":1554104455030},"snapshot":{"added":0,"fileDeleted":false,"matched":0,"unchecked":0,"unmatched":0,"updated":0,"uncheckedKeys":[]},"testFilePath":"/Users/hunter/Repositories/Elevation/tests/mobx2-lesson-answers/tests/exercises/ex-2.test.js","testResults":[{"ancestorTitles":["exercise 2"],"duration":23,"failureMessages":[],"fullName":"exercise 2 the number of people in the restaurant should be rendered with the id \"restPop\"","location":null,"numPassingAsserts":0,"status":"passed","title":"the number of people in the restaurant should be rendered with the id \"restPop\""},{"ancestorTitles":["exercise 2"],"duration":6,"failureMessages":[],"fullName":"exercise 2 the number of completed tables should be rendered with the id \"completedTables\"","location":null,"numPassingAsserts":0,"status":"passed","title":"the number of completed tables should be rendered with the id \"completedTables\""},{"ancestorTitles":["exercise 2"],"duration":4,"failureMessages":[],"fullName":"exercise 2 The add reservation button should add a new reservation to the restaurant store using the general store to store inputs","location":null,"numPassingAsserts":0,"status":"passed","title":"The add reservation button should add a new reservation to the restaurant store using the general store to store inputs"},{"ancestorTitles":["exercise 2"],"duration":6,"failureMessages":[],"fullName":"exercise 2 each reservation should be rendered using the reservation component","location":null,"numPassingAsserts":0,"status":"passed","title":"each reservation should be rendered using the reservation component"},{"ancestorTitles":["exercise 2"],"duration":5,"failureMessages":[],"fullName":"exercise 2 each reservation shold have a \"Complete Reservation\" button","location":null,"numPassingAsserts":0,"status":"passed","title":"each reservation shold have a \"Complete Reservation\" button"}],"sourceMaps":{},"skipped":false,"leaks":false}],"wasInterrupted":false}